<?xml version="1.0" encoding="UTF-8"?>
<!-- Generated by org.testng.reporters.JUnitReportReporter -->
<testsuite hostname="DESKTOP-DO2DJUN" failures="0" tests="2" name="AutomationTesting.tests.SubmitOrderTest3_HashMap" time="54.702" errors="0" timestamp="2024-03-17T06:38:35 GMT-08:00" skipped="0">
  <testcase classname="AutomationTesting.tests.SubmitOrderTest3_HashMap" name="submitOrder" time="42.815"/>
  <testcase classname="AutomationTesting.tests.SubmitOrderTest3_HashMap" name="submitOrder" time="11.887"/>
</testsuite> <!-- AutomationTesting.tests.SubmitOrderTest3_HashMap -->
