<?xml version="1.0" encoding="UTF-8"?>
<!-- Generated by org.testng.reporters.JUnitReportReporter -->
<testsuite hostname="DESKTOP-DO2DJUN" failures="0" tests="1" name="AutomationTesting.ExtentReportsPractice.ExtentReportsDemo" time="8.010" errors="0" timestamp="2024-03-15T12:13:30 GMT-08:00" skipped="0">
  <testcase classname="AutomationTesting.ExtentReportsPractice.ExtentReportsDemo" name="initialDemo" time="8.010"/>
</testsuite> <!-- AutomationTesting.ExtentReportsPractice.ExtentReportsDemo -->
