<?xml version="1.0" encoding="UTF-8"?>
<!-- Generated by org.testng.reporters.JUnitReportReporter -->
<testsuite hostname="DESKTOP-DO2DJUN" failures="0" tests="1" name="AutomationTesting.StandAloneTestDuumy" time="40.111" errors="0" timestamp="14 Mar 2024 22:03:17 GMT" skipped="0">
  <testcase classname="AutomationTesting.StandAloneTestDuumy" name="submitOrder" time="40.111"/>
</testsuite> <!-- AutomationTesting.StandAloneTestDuumy -->
