<?xml version="1.0" encoding="UTF-8"?>
<!-- Generated by org.testng.reporters.JUnitReportReporter -->
<testsuite hostname="DESKTOP-DO2DJUN" failures="0" tests="2" name="AutomationTesting.tests.SubmitOrderTest2" time="27.437" errors="0" timestamp="2024-05-05T15:23:54 IST" skipped="0">
  <testcase classname="AutomationTesting.tests.SubmitOrderTest2" name="submitOrder" time="10.549"/>
  <testcase classname="AutomationTesting.tests.SubmitOrderTest2" name="submitOrder" time="16.888"/>
</testsuite> <!-- AutomationTesting.tests.SubmitOrderTest2 -->
