<?xml version="1.0" encoding="UTF-8"?>
<!-- Generated by org.testng.reporters.JUnitReportReporter -->
<testsuite hostname="DESKTOP-DO2DJUN" failures="0" tests="1" name="AutomationTesting.tests.StandAloneTestDuumy" time="11.588" errors="0" timestamp="14 Mar 2024 22:37:23 GMT" skipped="0">
  <testcase classname="AutomationTesting.tests.StandAloneTestDuumy" name="submitOrder" time="11.588"/>
</testsuite> <!-- AutomationTesting.tests.StandAloneTestDuumy -->
